{"level":"error","message":"Invalid request parameters"}
{"function":"/api/v1/admin/blog/category/change-status","level":"error","message":"Invalid request parameters"}
2022-10-18T09:35:30.279Z [myLabel] error: Invalid request parameters {"function":"/api/v1/admin/blog/category/change-status"}
{"function":"/api/v1/admin/blog/category/change-status","label":"myLabel","level":"error","message":"Invalid request parameters","timestamp":"2022-10-18 01:12:36.519 PM"}
{"function":"/api/v1/admin/blog/category/change-status","label":"myLabel","level":"\u001b[31merror\u001b[39m","message":"\t\u001b[31mInvalid request parameters\u001b[39m","timestamp":"2022-10-18 01:14:16.117 PM"}
{"function":"/api/v1/admin/blog/category/change-status","label":"myLabel","level":"\u001b[31merror\u001b[39m","message":"\u001b[31mInvalid request parameters\u001b[39m","timestamp":"2022-10-18 01:14:44.903 PM"}
{"function":"/api/v1/admin/blog/category/change-status","label":"myLabel","level":"error","message":"\tInvalid request parameters","timestamp":"2022-10-18 01:14:55.123 PM"}
{"function":"/api/v1/admin/blog/category/change-status","label":"myLabel","level":"error","message":"Invalid request parameters","timestamp":"2022-10-18 01:25:59.480 PM"}
{"function":"/api/v1/admin/blog/category/change-status","label":"myLabel","level":"error","message":"Invalid request parameters","timestamp":"2022-10-18 01:28:37.664 PM"}
{"function":"/api/v1/admin/blog/category/change-status","label":"myLabel","level":"error","message":"Invalid request parameters","timestamp":"2022-10-18 01:35:19.219 PM"}
{"function":"/api/v1/admin/blog/category/list?page=1&limit=10&sort=desc&search=","label":"myLabel","level":"error","message":"this.sort is not a function","timestamp":"2022-10-18 03:55:47.879 PM"}
{"function":"/api/v1/admin/blog/category/list?page=1&limit=10&sort=desc&search=","label":"myLabel","level":"error","message":"this.Sort is not a function","timestamp":"2022-10-18 03:57:18.362 PM"}
{"function":"/api/v1/admin/blog/category/list?page=1&limit=10&sort=desc&search=","label":"myLabel","level":"error","message":"Invalid request parameters","timestamp":"2022-10-18 04:02:32.081 PM"}
{"function":"/api/v1/admin/blog/category/create","label":"myLabel","level":"error","message":{"key":"isUsed","ns":"error","properties":{"author":{"key":"slug","ns":"translation"}}},"timestamp":"2022-10-18 04:32:38.149 PM"}
{"function":"/api/v1/admin/blog/tag/list?page=1&perPage=10&sort=asc&search=","label":"myLabel","level":"error","message":"Invalid request parameters","timestamp":"2022-10-18 04:35:41.868 PM"}
{"function":"/api/v1/admin/blog/tag/add","label":"myLabel","level":"error","message":"[object Object]","timestamp":"2022-10-18 05:04:58.915 PM"}
{"function":"/api/v1/admin/blog/tag/add","label":"myLabel","level":"error","message":"[object Object]","timestamp":"2022-10-19 08:28:34.341 AM"}
{"function":"/api/v1/admin/auth/login","label":"myLabel","level":"error","message":"Unexpected token a in JSON at position 16","timestamp":"2022-10-19 03:27:06.943 PM"}
{"function":"/api/v1/admin/user/create","label":"myLabel","level":"error","message":"Cast to ObjectId failed for value \"\" (type string) at path \"_id\" for model \"role\"","timestamp":"2022-10-19 03:56:03.776 PM"}
{"function":"/api/v1/admin/user/create","label":"myLabel","level":"error","message":"Cast to ObjectId failed for value \"\" (type string) at path \"_id\" for model \"role\"","timestamp":"2022-10-19 04:03:57.577 PM"}
{"function":"/api/v1/admin/code/verify","label":"myLabel","level":"error","message":"token validation failed: device: Path `device` is required.","timestamp":"2022-10-20 10:57:49.244 AM"}
{"function":"/api/v1/admin/blog/post/create","label":"myLabel","level":"error","message":"Cannot read properties of undefined (reading 'ObjectId')","timestamp":"2022-10-20 01:29:28.058 PM"}
{"function":"/api/v1/admin/media/folder/change-status","label":"myLabel","level":"error","message":"Cannot read properties of undefined (reading 'search')","timestamp":"2022-10-20 04:45:26.908 PM"}
{"function":"/api/v1/admin/media/folder/change-status","label":"myLabel","level":"error","message":"Cannot read properties of undefined (reading 'search')","timestamp":"2022-10-20 04:50:19.160 PM"}
{"function":"/api/v1/admin/media/folder/change-status","label":"myLabel","level":"error","message":"Cannot read properties of undefined (reading 'search')","timestamp":"2022-10-20 04:51:25.873 PM"}
{"function":"/api/v1/admin/media/folder/change-status","label":"myLabel","level":"error","message":"Cannot read properties of undefined (reading 'search')","timestamp":"2022-10-20 04:55:36.884 PM"}
{"function":"/api/v1/admin/media/folder/change-status","label":"myLabel","level":"error","message":"Cannot read properties of undefined (reading 'search')","timestamp":"2022-10-20 04:56:53.953 PM"}
{"function":"/api/v1/admin/media/folder/change-status","label":"myLabel","level":"error","message":"Cannot read properties of undefined (reading 'search')","timestamp":"2022-10-20 04:59:01.481 PM"}
{"function":"/api/v1/admin/media/folder/change-status","label":"myLabel","level":"error","message":"Cannot read properties of undefined (reading 'search')","timestamp":"2022-10-20 05:00:18.753 PM"}
{"function":"/api/v1/admin/media/folder/change-status","label":"myLabel","level":"error","message":"Cannot read properties of undefined (reading 'search')","timestamp":"2022-10-20 05:03:16.444 PM"}
{"function":"/api/v1/admin/media/folder/change-status","label":"myLabel","level":"error","message":"Cannot read properties of undefined (reading 'search')","timestamp":"2022-10-20 05:08:37.019 PM"}
{"function":"/api/v1/admin/media/folder/change-status","label":"myLabel","level":"error","message":"Cannot read properties of undefined (reading 'search')","timestamp":"2022-10-20 05:09:33.548 PM"}
{"function":"/api/v1/admin/media/gallery/list?page=1&perPage=10&sort=asc&search=&folder=users","label":"myLabel","level":"error","message":"Argument passed in must be a string of 12 bytes or a string of 24 hex characters or an integer","timestamp":"2022-10-20 05:25:13.655 PM"}
{"function":"/api/v1/admin/media/gallery/list?page=1&perPage=10&sort=asc&search=&folder=users","label":"myLabel","level":"error","message":"Argument passed in must be a string of 12 bytes or a string of 24 hex characters or an integer","timestamp":"2022-10-20 05:29:30.982 PM"}
{"function":"/api/v1/admin/media/gallery/list?page=1&perPage=10&sort=asc&search=&folder=users","label":"myLabel","level":"error","message":"Argument passed in must be a string of 12 bytes or a string of 24 hex characters or an integer","timestamp":"2022-10-20 05:30:21.056 PM"}
{"function":"/api/v1/admin/media/gallery/list?page=1&perPage=10&sort=asc&search=&folder=users","label":"myLabel","level":"error","message":"Argument passed in must be a string of 12 bytes or a string of 24 hex characters or an integer","timestamp":"2022-10-20 05:31:08.152 PM"}
{"function":"/api/v1/admin/media/gallery/list?page=1&perPage=10&sort=asc&search=&folder=users","label":"myLabel","level":"error","message":"Argument passed in must be a string of 12 bytes or a string of 24 hex characters or an integer","timestamp":"2022-10-20 05:32:33.439 PM"}
{"function":"/api/v1/admin/media/gallery/list?page=1&perPage=10&sort=asc&search=&folder=users","label":"myLabel","level":"error","message":"Argument passed in must be a string of 12 bytes or a string of 24 hex characters or an integer","timestamp":"2022-10-20 05:35:08.988 PM"}
{"function":"/api/v1/admin/media/gallery/list?page=1&perPage=10&sort=asc&search=&folder=users","label":"myLabel","level":"error","message":"Argument passed in must be a string of 12 bytes or a string of 24 hex characters or an integer","timestamp":"2022-10-20 05:36:19.240 PM"}
{"function":"/api/v1/admin/media/gallery/list?page=1&perPage=10&sort=asc&search=&folder=users","label":"myLabel","level":"error","message":"Argument passed in must be a string of 12 bytes or a string of 24 hex characters or an integer","timestamp":"2022-10-20 05:36:44.404 PM"}
{"function":"/api/v1/admin/media/gallery/list?page=1&perPage=10&sort=asc&search=&folder=users","label":"myLabel","level":"error","message":"Argument passed in must be a string of 12 bytes or a string of 24 hex characters or an integer","timestamp":"2022-10-20 05:37:40.736 PM"}
{"function":"/api/v1/admin/media/gallery/create","label":"myLabel","level":"error","message":"Cannot read properties of undefined (reading 'originalname')","timestamp":"2022-10-21 10:29:17.714 AM"}
{"function":"/api/v1/admin/media/gallery/create","label":"myLabel","level":"error","message":"Cannot read properties of undefined (reading 'originalname')","timestamp":"2022-10-21 10:31:48.817 AM"}
{"function":"/api/v1/admin/media/gallery/create","label":"myLabel","level":"error","message":"Unexpected field","timestamp":"2022-10-23 12:01:35.472 PM"}
{"function":"/api/v1/admin/media/gallery/create","label":"myLabel","level":"error","message":"Unexpected field","timestamp":"2022-10-23 12:16:43.808 PM"}
{"function":"/api/v1/admin/media/gallery/create","label":"myLabel","level":"error","message":"Unexpected field","timestamp":"2022-10-23 12:19:41.887 PM"}
{"function":"/api/v1/admin/media/gallery/create","label":"myLabel","level":"error","message":"Unexpected field","timestamp":"2022-10-23 12:20:32.772 PM"}
{"function":"/api/v1/admin/media/gallery/create","label":"myLabel","level":"error","message":"Unexpected field","timestamp":"2022-10-23 12:21:11.586 PM"}
{"function":"/api/v1/admin/media/gallery/create","label":"myLabel","level":"error","message":"Unexpected field","timestamp":"2022-10-23 12:24:19.458 PM"}
{"function":"/api/v1/admin/media/gallery/create","label":"myLabel","level":"error","message":"Unexpected field","timestamp":"2022-10-23 12:27:27.373 PM"}
{"function":"/api/v1/admin/media/gallery/create","label":"myLabel","level":"error","message":"Unexpected field","timestamp":"2022-10-23 12:29:02.977 PM"}
{"function":"/api/v1/admin/media/gallery/create","label":"myLabel","level":"error","message":"ENOENT: no such file or directory, open 'M:\\programing\\personal-projects\\ecommerce\\ecommerce_back\\images\\2022-10-23T08:59:47.797Z-bg-profile.jpg'","timestamp":"2022-10-23 12:29:47.802 PM"}
{"function":"/api/v1/admin/media/gallery/create","label":"myLabel","level":"error","message":"ENOENT: no such file or directory, open 'M:\\programing\\personal-projects\\ecommerce\\ecommerce_back\\images\\2022-10-23T09:01:03.794Z-bg-profile.jpg'","timestamp":"2022-10-23 12:31:03.797 PM"}
{"function":"/api/v1/admin/media/gallery/create","label":"myLabel","level":"error","message":"ENOENT: no such file or directory, open 'M:\\programing\\personal-projects\\ecommerce\\ecommerce_back\\images\\2022-10-23T09:02:28.512Z-bg-profile.jpg'","timestamp":"2022-10-23 12:32:28.515 PM"}
{"function":"/api/v1/admin/media/gallery/create","label":"myLabel","level":"error","message":"ENOENT: no such file or directory, open 'M:\\programing\\personal-projects\\ecommerce\\ecommerce_back\\images\\2022-10-23T09:09:51.037Z-bg-profile.jpg'","timestamp":"2022-10-23 12:39:51.041 PM"}
{"function":"/api/v1/admin/media/gallery/create","label":"myLabel","level":"error","message":"ENOENT: no such file or directory, open 'M:\\programing\\personal-projects\\ecommerce\\ecommerce_back\\images\\2022-10-23T09:26:14.795Z-bg-profile.jpg'","timestamp":"2022-10-23 12:56:14.799 PM"}
{"function":"/api/v1/admin/media/gallery/create","label":"myLabel","level":"error","message":"ENOENT: no such file or directory, open 'M:\\programing\\personal-projects\\ecommerce\\ecommerce_back\\images\\2022-10-23T09:26:40.264Z-bg-profile.jpg'","timestamp":"2022-10-23 12:56:40.268 PM"}
{"function":"/api/v1/admin/media/gallery/create","label":"myLabel","level":"error","message":"ENOENT: no such file or directory, open 'M:\\programing\\personal-projects\\ecommerce\\ecommerce_back\\images\\2022-10-23T09:37:14.028Z-bg-profile.jpg'","timestamp":"2022-10-23 01:07:14.031 PM"}
{"function":"/api/v1/admin/media/gallery/create","label":"myLabel","level":"error","message":"ENOENT: no such file or directory, open 'M:\\programing\\personal-projects\\ecommerce\\ecommerce_back\\images\\2022-10-23T09:37:44.551Z-bg-profile.jpg'","timestamp":"2022-10-23 01:07:44.554 PM"}
{"function":"/api/v1/admin/media/gallery/create","label":"myLabel","level":"error","message":"ENOENT: no such file or directory, open 'M:\\programing\\personal-projects\\ecommerce\\ecommerce_back\\images\\2022-10-23T09:41:40.751Z-bg-profile.jpg'","timestamp":"2022-10-23 01:11:40.752 PM"}
{"function":"/api/v1/admin/media/gallery/create","label":"myLabel","level":"error","message":"ENOENT: no such file or directory, open 'M:\\programing\\personal-projects\\ecommerce\\ecommerce_back\\images\\2022-10-23T09:43:11.986Z-bg-profile.jpg'","timestamp":"2022-10-23 01:13:11.991 PM"}
{"function":"/api/v1/admin/media/gallery/create","label":"myLabel","level":"error","message":"ENOENT: no such file or directory, open 'M:\\programing\\personal-projects\\ecommerce\\ecommerce_back\\images\\2022-10-23T09:51:43.310Z-bg-profile.jpg'","timestamp":"2022-10-23 01:21:43.314 PM"}
{"function":"/api/v1/admin/media/gallery/create","label":"myLabel","level":"error","message":"Unexpected field","timestamp":"2022-10-23 01:33:35.847 PM"}
{"function":"/api/v1/admin/media/gallery/create","label":"myLabel","level":"error","message":"Unexpected field","timestamp":"2022-10-23 01:33:59.560 PM"}
{"function":"/api/v1/admin/blog/post/update/6356230e4d8acdba0785ef36","label":"myLabel","level":"error","message":"Cannot read properties of null (reading '_id')","timestamp":"2022-10-24 09:19:32.924 AM"}
{"function":"/api/v1/admin/role/create","label":"myLabel","level":"error","message":"Cast to ObjectId failed for value \"6\" (type string) at path \"_id\" for model \"permission\"","timestamp":"2022-10-24 12:02:31.804 PM"}
{"function":"/api/v1/admin/role/create","label":"myLabel","level":"error","message":"Cast to ObjectId failed for value \"6\" (type string) at path \"_id\" for model \"permission\"","timestamp":"2022-10-24 12:03:01.033 PM"}
{"function":"/api/v1/admin/role/create","label":"myLabel","level":"error","message":"Cast to ObjectId failed for value \"6\" (type string) at path \"_id\" for model \"permission\"","timestamp":"2022-10-24 12:04:06.345 PM"}
{"function":"/api/v1/admin/role/create","label":"myLabel","level":"error","message":"Argument passed in must be a string of 12 bytes or a string of 24 hex characters or an integer","timestamp":"2022-10-24 12:05:48.676 PM"}
{"function":"/api/v1/admin/role/create","label":"myLabel","level":"error","message":"Cast to ObjectId failed for value \"6\" (type string) at path \"_id\" for model \"permission\"","timestamp":"2022-10-24 12:07:25.454 PM"}
{"function":"/api/v1/admin/role/create","label":"myLabel","level":"error","message":"Cast to ObjectId failed for value \"6\" (type string) at path \"_id\" for model \"permission\"","timestamp":"2022-10-24 12:08:22.372 PM"}
{"function":"/api/v1/admin/role/create","label":"myLabel","level":"error","message":"Cast to ObjectId failed for value \"6\" (type string) at path \"_id\" for model \"permission\"","timestamp":"2022-10-24 12:19:38.655 PM"}
{"function":"/api/v1/admin/role/create","label":"myLabel","level":"error","message":"Cast to ObjectId failed for value \"6\" (type string) at path \"_id\" for model \"permission\"","timestamp":"2022-10-24 12:21:22.264 PM"}
{"function":"/api/v1/admin/role/create","label":"myLabel","level":"error","message":"Cast to ObjectId failed for value \"6\" (type string) at path \"_id\" for model \"permission\"","timestamp":"2022-10-24 01:34:32.664 PM"}
{"function":"/api/v1/admin/media/gallery/create","label":"myLabel","level":"error","message":"upload/0.9267771525011355: unable to open for write\nupload/0.6190485821965035: unable to open for write\nupload/0.3102843598191425: unable to open for write\nwindows error: The system cannot find the file specified.\r\n\nwindows error: The system cannot find the file specified.\r\n\nwindows error: The system cannot find the file specified.\r\n\n","timestamp":"2022-10-25 12:32:39.329 PM"}
{"function":"/api/v1/admin/media/gallery/create","label":"myLabel","level":"error","message":"upload/bezkoder-ERLING HAALAND-20-1666688903848.jpeg: unable to open for write\nwindows error: The system cannot find the file specified.\r\n\n","timestamp":"2022-10-25 12:38:23.854 PM"}
{"function":"/api/v1/admin/media/gallery/create","label":"myLabel","level":"error","message":"Field name missing","timestamp":"2022-10-25 12:46:42.944 PM"}
{"function":"/api/v1/admin/media/gallery/create","label":"myLabel","level":"error","message":"Field name missing","timestamp":"2022-10-25 12:49:26.561 PM"}
{"function":"/api/v1/admin/media/gallery/create","label":"myLabel","level":"error","message":"Unexpected field","timestamp":"2022-10-25 12:49:53.524 PM"}
{"function":"/api/v1/admin/media/gallery/create","label":"myLabel","level":"error","message":"Field name missing","timestamp":"2022-10-25 12:50:53.229 PM"}
{"function":"/api/v1/admin/media/gallery/create","label":"myLabel","level":"error","message":"Field name missing","timestamp":"2022-10-25 12:51:09.865 PM"}
{"function":"/api/v1/admin/media/gallery/create","label":"myLabel","level":"error","message":"Field name missing","timestamp":"2022-10-25 12:52:09.878 PM"}
{"function":"/api/v1/admin/media/gallery/create","label":"myLabel","level":"error","message":"Field name missing","timestamp":"2022-10-25 12:52:49.057 PM"}
{"function":"/api/v1/admin/media/gallery/create","label":"myLabel","level":"error","message":"Field name missing","timestamp":"2022-10-25 12:53:08.514 PM"}
{"function":"/api/v1/admin/media/gallery/create","label":"myLabel","level":"error","message":"Field name missing","timestamp":"2022-10-25 12:54:06.190 PM"}
{"function":"/api/v1/admin/media/gallery/create","label":"myLabel","level":"error","message":"Field name missing","timestamp":"2022-10-25 12:54:08.260 PM"}
{"function":"/api/v1/admin/media/gallery/create","label":"myLabel","level":"error","message":"Field name missing","timestamp":"2022-10-25 12:54:30.581 PM"}
{"function":"/api/v1/admin/media/gallery/create","label":"myLabel","level":"error","message":"Cannot read properties of undefined (reading 'length')","timestamp":"2022-10-25 12:54:50.053 PM"}
{"function":"/api/v1/admin/media/gallery/create","label":"myLabel","level":"error","message":"Field name missing","timestamp":"2022-10-25 12:55:13.556 PM"}
{"function":"/api/v1/admin/media/gallery/create","label":"myLabel","level":"error","message":"Field name missing","timestamp":"2022-10-25 12:56:18.346 PM"}
{"function":"/api/v1/admin/media/gallery/create","label":"myLabel","level":"error","message":"Cannot read properties of undefined (reading 'length')","timestamp":"2022-10-25 12:57:09.935 PM"}
{"function":"/api/v1/admin/media/gallery/create","label":"myLabel","level":"error","message":"Cannot read properties of undefined (reading 'length')","timestamp":"2022-10-25 12:58:33.667 PM"}
{"function":"/api/v1/admin/media/gallery/create","label":"myLabel","level":"error","message":"Cannot read properties of undefined (reading 'length')","timestamp":"2022-10-25 12:58:49.923 PM"}
{"function":"/api/v1/admin/media/gallery/create","label":"myLabel","level":"error","message":"Cannot read properties of undefined (reading 'length')","timestamp":"2022-10-25 12:59:45.401 PM"}
{"function":"/api/v1/admin/media/gallery/create","label":"myLabel","level":"error","message":"Cannot read properties of undefined (reading 'length')","timestamp":"2022-10-25 01:01:06.225 PM"}
{"function":"/api/v1/admin/media/gallery/create","label":"myLabel","level":"error","message":"Cannot set headers after they are sent to the client","timestamp":"2022-10-25 01:06:34.954 PM"}
{"function":"/api/v1/admin/media/gallery/create","label":"myLabel","level":"error","message":"Cannot read properties of undefined (reading 'length')","timestamp":"2022-10-25 01:11:42.988 PM"}
{"function":"/api/v1/admin/media/gallery/create","label":"myLabel","level":"error","message":"upload/bezkoder-ERLING HAALAND-20-1666690999320.jpeg: unable to open for write\nwindows error: The system cannot find the file specified.\r\n\n","timestamp":"2022-10-25 01:13:19.324 PM"}
{"function":"/api/v1/admin/media/gallery/create","label":"myLabel","level":"error","message":"upload/image/ERLING HAALAND-20-1666691267233.jpeg: unable to open for write\nupload/image/ERLING HAALAND-19-1666691267235.jpeg: unable to open for write\nwindows error: The system cannot find the file specified.\r\n\nwindows error: The system cannot find the file specified.\r\n\n","timestamp":"2022-10-25 01:17:47.239 PM"}
{"function":"/api/v1/admin/auth/refresh","label":"myLabel","level":"error","message":"data must be a string or Buffer and hash must be a string","timestamp":"2022-10-26 01:13:40.613 PM"}
{"function":"/api/v1/admin/user/list?page=1&perPage=10&sort=name@asc&search=&status=","label":"myLabel","level":"error","message":"data must be a string or Buffer and hash must be a string","timestamp":"2022-10-26 01:36:03.758 PM"}
{"function":"/api/v1/admin/user/list?page=1&perPage=10&sort=name@asc&search=&status=","label":"myLabel","level":"error","message":"data must be a string or Buffer and hash must be a string","timestamp":"2022-10-26 01:38:58.033 PM"}
{"function":"/api/v1/admin/role/list?page=1&perPage=10&sort=name@asc&search=","label":"myLabel","level":"error","message":"data must be a string or Buffer and hash must be a string","timestamp":"2022-10-26 01:39:07.039 PM"}
{"function":"/api/v1/admin/role/list?page=1&perPage=10&sort=name@asc&search=","label":"myLabel","level":"error","message":"data must be a string or Buffer and hash must be a string","timestamp":"2022-10-26 01:39:53.797 PM"}
{"function":"/api/v1/admin/role/list?page=1&perPage=10&sort=name@asc&search=","label":"myLabel","level":"error","message":"data must be a string or Buffer and hash must be a string","timestamp":"2022-10-26 01:40:22.100 PM"}
{"function":"/api/v1/admin/role/list?page=1&perPage=10&sort=name@asc&search=","label":"myLabel","level":"error","message":"data must be a string or Buffer and hash must be a string","timestamp":"2022-10-26 01:40:49.066 PM"}
{"function":"/api/v1/admin/role/list?page=1&perPage=10&sort=name@asc&search=","label":"myLabel","level":"error","message":"data must be a string or Buffer and hash must be a string","timestamp":"2022-10-26 01:41:50.319 PM"}
{"function":"/api/v1/admin/role/list?page=1&perPage=10&sort=name@asc&search=","label":"myLabel","level":"error","message":"data must be a string or Buffer and hash must be a string","timestamp":"2022-10-26 01:43:00.800 PM"}
